<?xml version="1.0" encoding="UTF-8"?>
<testng-results skipped="0" failed="0" total="1" passed="1">
  <reporter-output>
  </reporter-output>
  <suite name="Merck Automation Test Suite" duration-ms="11281" started-at="2019-08-22T09:15:45Z" finished-at="2019-08-22T09:15:56Z">
    <groups>
      <group name="cucumber">
        <method signature="AbstractTestNGCucumberTests.feature(cucumber.api.testng.CucumberFeatureWrapper)[pri:0, instance:com.cucumber.runner.Runner@51efea79]" name="feature" class="cucumber.api.testng.AbstractTestNGCucumberTests"/>
      </group> <!-- cucumber -->
    </groups>
    <test name="Dealer Path" duration-ms="11281" started-at="2019-08-22T09:15:45Z" finished-at="2019-08-22T09:15:56Z">
      <class name="com.cucumber.runner.Runner">
        <test-method status="PASS" signature="setUpClass()[pri:0, instance:com.cucumber.runner.Runner@51efea79]" name="setUpClass" is-config="true" duration-ms="191" started-at="2019-08-22T14:45:45Z" finished-at="2019-08-22T14:45:45Z">
          <reporter-output>
          </reporter-output>
        </test-method> <!-- setUpClass -->
        <test-method status="PASS" signature="feature(cucumber.api.testng.CucumberFeatureWrapper)[pri:0, instance:com.cucumber.runner.Runner@51efea79]" name="feature" duration-ms="10686" started-at="2019-08-22T14:45:45Z" description="Runs Cucumber Feature" data-provider="features" finished-at="2019-08-22T14:45:56Z">
          <params>
            <param index="0">
              <value>
                <![CDATA[Login]]>
              </value>
            </param>
          </params>
          <reporter-output>
          </reporter-output>
        </test-method> <!-- feature -->
        <test-method status="PASS" signature="tearDownClass()[pri:0, instance:com.cucumber.runner.Runner@51efea79]" name="tearDownClass" is-config="true" duration-ms="325" started-at="2019-08-22T14:45:56Z" finished-at="2019-08-22T14:45:56Z">
          <reporter-output>
          </reporter-output>
        </test-method> <!-- tearDownClass -->
      </class> <!-- com.cucumber.runner.Runner -->
    </test> <!-- Dealer Path -->
  </suite> <!-- Merck Automation Test Suite -->
</testng-results>
